0 info it worked if it ends with ok
1 verbose cli [ 'D:\\Program Files\\nodejs\\node.exe',
1 verbose cli   'C:\\Users\\viruser.v-desktop\\AppData\\Roaming\\npm\\node_modules\\npm\\bin\\npm-cli.js',
1 verbose cli   'run',
1 verbose cli   'server' ]
2 info using npm@4.0.5
3 info using node@v6.9.2
4 verbose run-script [ 'preserver', 'server', 'postserver' ]
5 info lifecycle d3@1.0.0~preserver: d3@1.0.0
6 silly lifecycle d3@1.0.0~preserver: no script for preserver, continuing
7 info lifecycle d3@1.0.0~server: d3@1.0.0
8 verbose lifecycle d3@1.0.0~server: unsafe-perm in lifecycle true
9 verbose lifecycle d3@1.0.0~server: PATH: C:\Users\viruser.v-desktop\AppData\Roaming\npm\node_modules\npm\bin\node-gyp-bin;D:\learn-space\d3\node_modules\.bin;C:\Windows\system32;C:\Windows;C:\Windows\System32\Wbem;C:\Windows\System32\WindowsPowerShell\v1.0\;C:\Program Files\TortoiseSVN\bin;C:\Program Files\Git\cmd;C:\Program Files\TortoiseGit\bin;D:\Program Files\nodejs\;C:\Users\viruser.v-desktop\AppData\Local\atom\bin
10 verbose lifecycle d3@1.0.0~server: CWD: D:\learn-space\d3
11 silly lifecycle d3@1.0.0~server: Args: [ '/d /s /c', 'node express-server' ]
12 silly lifecycle d3@1.0.0~server: Returned: code: 3221225786  signal: null
13 info lifecycle d3@1.0.0~server: Failed to exec server script
14 verbose stack Error: d3@1.0.0 server: `node express-server`
14 verbose stack Exit status 3221225786
14 verbose stack     at EventEmitter.<anonymous> (C:\Users\viruser.v-desktop\AppData\Roaming\npm\node_modules\npm\lib\utils\lifecycle.js:279:16)
14 verbose stack     at emitTwo (events.js:106:13)
14 verbose stack     at EventEmitter.emit (events.js:191:7)
14 verbose stack     at ChildProcess.<anonymous> (C:\Users\viruser.v-desktop\AppData\Roaming\npm\node_modules\npm\lib\utils\spawn.js:40:14)
14 verbose stack     at emitTwo (events.js:106:13)
14 verbose stack     at ChildProcess.emit (events.js:191:7)
14 verbose stack     at maybeClose (internal/child_process.js:877:16)
14 verbose stack     at Process.ChildProcess._handle.onexit (internal/child_process.js:226:5)
15 verbose pkgid d3@1.0.0
16 verbose cwd D:\learn-space\d3
17 error Windows_NT 6.1.7601
18 error argv "D:\\Program Files\\nodejs\\node.exe" "C:\\Users\\viruser.v-desktop\\AppData\\Roaming\\npm\\node_modules\\npm\\bin\\npm-cli.js" "run" "server"
19 error node v6.9.2
20 error npm  v4.0.5
21 error code ELIFECYCLE
22 error d3@1.0.0 server: `node express-server`
22 error Exit status 3221225786
23 error Failed at the d3@1.0.0 server script 'node express-server'.
23 error Make sure you have the latest version of node.js and npm installed.
23 error If you do, this is most likely a problem with the d3 package,
23 error not with npm itself.
23 error Tell the author that this fails on your system:
23 error     node express-server
23 error You can get information on how to open an issue for this project with:
23 error     npm bugs d3
23 error Or if that isn't available, you can get their info via:
23 error     npm owner ls d3
23 error There is likely additional logging output above.
24 verbose exit [ 1, true ]
